2023-12-05 17:55:03.814 INFO  [][] [main] c.z.s.SpringbootSocketApplication:55 - Starting SpringbootSocketApplication using Java 1.8.0_40 on DESKTOP-7KPIAVG with PID 23028 (D:\IdeaProject\awesome-springboot\springboot-socket\target\classes started by thtf in D:\IdeaProject\awesome-springboot)
2023-12-05 17:55:03.821 INFO  [][] [main] c.z.s.SpringbootSocketApplication:663 - The following profiles are active: macdev
2023-12-05 17:55:05.935 WARN  [][] [main] o.m.s.m.ClassPathMapperScanner:44 - No MyBatis mapper was found in '[com.zeburan.springbootsocket]' package. Please check your configuration.
2023-12-05 17:55:08.122 INFO  [][] [main] c.a.d.s.b.a.DruidDataSourceAutoConfigure:55 - Init DruidDataSource
2023-12-05 17:55:08.355 INFO  [][] [main] r.y.c.ClickHouseDriver:42 - Driver registered
2023-12-05 17:55:08.551 INFO  [][] [main] c.a.druid.pool.DruidDataSource:1010 - {dataSource-1} inited
2023-12-05 17:55:09.180 INFO  [][] [main] c.z.s.SpringbootSocketApplication:61 - Started SpringbootSocketApplication in 6.729 seconds (JVM running for 9.906)
2023-12-05 17:55:22.199 INFO  [][] [SpringApplicationShutdownHook] c.a.druid.pool.DruidDataSource:2170 - {dataSource-1} closing ...
2023-12-05 17:55:22.203 INFO  [][] [SpringApplicationShutdownHook] c.a.druid.pool.DruidDataSource:2243 - {dataSource-1} closed
2023-12-05 22:21:41.849 INFO  [][] [main] c.z.s.SpringbootSocketApplication:55 - Starting SpringbootSocketApplication using Java 1.8.0_171 on MacBook-Pro with PID 25639 (/Users/swtywang/wydcode/awesome-springboot/springboot-socket/target/classes started by swtywang in /Users/swtywang/wydcode/awesome-springboot)
2023-12-05 22:21:41.852 INFO  [][] [main] c.z.s.SpringbootSocketApplication:663 - The following profiles are active: macdev
2023-12-05 22:21:43.134 WARN  [][] [main] o.m.s.m.ClassPathMapperScanner:44 - No MyBatis mapper was found in '[com.zeburan.springbootsocket]' package. Please check your configuration.
2023-12-05 22:21:44.966 INFO  [][] [main] c.a.d.s.b.a.DruidDataSourceAutoConfigure:55 - Init DruidDataSource
2023-12-05 22:21:45.113 INFO  [][] [main] r.y.c.ClickHouseDriver:42 - Driver registered
2023-12-05 22:21:45.276 INFO  [][] [main] c.a.druid.pool.DruidDataSource:1010 - {dataSource-1} inited
2023-12-05 22:21:45.624 INFO  [][] [main] c.z.s.SpringbootSocketApplication:61 - Started SpringbootSocketApplication in 5.866 seconds (JVM running for 7.955)
2023-12-05 22:24:55.460 INFO  [][] [SpringApplicationShutdownHook] c.a.druid.pool.DruidDataSource:2170 - {dataSource-1} closing ...
2023-12-05 22:24:55.461 INFO  [][] [SpringApplicationShutdownHook] c.a.druid.pool.DruidDataSource:2243 - {dataSource-1} closed
2023-12-05 22:25:06.522 INFO  [][] [main] c.z.s.SpringbootSocketApplication:55 - Starting SpringbootSocketApplication using Java 1.8.0_171 on MacBook-Pro with PID 25966 (/Users/swtywang/wydcode/awesome-springboot/springboot-socket/target/classes started by swtywang in /Users/swtywang/wydcode/awesome-springboot)
2023-12-05 22:25:06.535 INFO  [][] [main] c.z.s.SpringbootSocketApplication:663 - The following profiles are active: macdev
2023-12-05 22:25:07.596 WARN  [][] [main] o.m.s.m.ClassPathMapperScanner:44 - No MyBatis mapper was found in '[com.zeburan.springbootsocket]' package. Please check your configuration.
2023-12-05 22:25:08.475 INFO  [][] [main] c.a.d.s.b.a.DruidDataSourceAutoConfigure:55 - Init DruidDataSource
2023-12-05 22:25:08.576 INFO  [][] [main] r.y.c.ClickHouseDriver:42 - Driver registered
2023-12-05 22:25:08.641 INFO  [][] [main] c.a.druid.pool.DruidDataSource:1010 - {dataSource-1} inited
2023-12-05 22:25:08.870 INFO  [][] [main] c.z.s.SpringbootSocketApplication:61 - Started SpringbootSocketApplication in 3.116 seconds (JVM running for 4.476)
2023-12-05 22:42:35.418 INFO  [][] [SpringApplicationShutdownHook] c.a.druid.pool.DruidDataSource:2170 - {dataSource-1} closing ...
2023-12-05 22:42:35.423 INFO  [][] [SpringApplicationShutdownHook] c.a.druid.pool.DruidDataSource:2243 - {dataSource-1} closed
2023-12-05 22:42:50.357 INFO  [][] [main] c.z.s.SpringbootSocketApplication:55 - Starting SpringbootSocketApplication using Java 1.8.0_171 on MacBook-Pro with PID 27513 (/Users/swtywang/wydcode/awesome-springboot/springboot-socket/target/classes started by swtywang in /Users/swtywang/wydcode/awesome-springboot)
2023-12-05 22:42:50.369 INFO  [][] [main] c.z.s.SpringbootSocketApplication:663 - The following profiles are active: macdev
2023-12-05 22:42:51.716 WARN  [][] [main] o.m.s.m.ClassPathMapperScanner:44 - No MyBatis mapper was found in '[com.zeburan.springbootsocket]' package. Please check your configuration.
2023-12-05 22:42:52.721 INFO  [][] [main] c.a.d.s.b.a.DruidDataSourceAutoConfigure:55 - Init DruidDataSource
2023-12-05 22:42:52.800 INFO  [][] [main] r.y.c.ClickHouseDriver:42 - Driver registered
2023-12-05 22:42:52.867 INFO  [][] [main] c.a.druid.pool.DruidDataSource:1010 - {dataSource-1} inited
2023-12-05 22:42:53.134 INFO  [][] [main] c.z.s.SpringbootSocketApplication:61 - Started SpringbootSocketApplication in 4.297 seconds (JVM running for 5.542)
2023-12-05 22:49:00.329 INFO  [][] [SpringApplicationShutdownHook] c.a.druid.pool.DruidDataSource:2170 - {dataSource-1} closing ...
2023-12-05 22:49:00.337 INFO  [][] [SpringApplicationShutdownHook] c.a.druid.pool.DruidDataSource:2243 - {dataSource-1} closed
2023-12-05 22:49:11.471 INFO  [][] [main] c.z.s.SpringbootSocketApplication:55 - Starting SpringbootSocketApplication using Java 1.8.0_171 on MacBook-Pro with PID 28048 (/Users/swtywang/wydcode/awesome-springboot/springboot-socket/target/classes started by swtywang in /Users/swtywang/wydcode/awesome-springboot)
2023-12-05 22:49:11.480 INFO  [][] [main] c.z.s.SpringbootSocketApplication:663 - The following profiles are active: macdev
2023-12-05 22:49:12.744 WARN  [][] [main] o.m.s.m.ClassPathMapperScanner:44 - No MyBatis mapper was found in '[com.zeburan.springbootsocket]' package. Please check your configuration.
2023-12-05 22:49:13.716 INFO  [][] [main] c.a.d.s.b.a.DruidDataSourceAutoConfigure:55 - Init DruidDataSource
2023-12-05 22:49:13.815 INFO  [][] [main] r.y.c.ClickHouseDriver:42 - Driver registered
2023-12-05 22:49:13.910 INFO  [][] [main] c.a.druid.pool.DruidDataSource:1010 - {dataSource-1} inited
2023-12-05 22:49:14.183 INFO  [][] [main] c.z.s.SpringbootSocketApplication:61 - Started SpringbootSocketApplication in 3.955 seconds (JVM running for 5.256)
2023-12-05 22:50:53.210 INFO  [][] [http-nio-8081-exec-3] c.z.s.config.MyWebSocket:46 - ----------------
2023-12-05 22:50:53.211 INFO  [][] [http-nio-8081-exec-3] c.z.s.config.MyWebSocket:50 - 有新连接加入！当前在线人数为1
2023-12-05 22:50:59.336 INFO  [][] [http-nio-8081-exec-4] c.z.s.config.MyWebSocket:74 - 有一连接关闭！当前在线人数为0
2023-12-05 22:51:15.003 INFO  [][] [SpringApplicationShutdownHook] c.a.druid.pool.DruidDataSource:2170 - {dataSource-1} closing ...
2023-12-05 22:51:15.007 INFO  [][] [SpringApplicationShutdownHook] c.a.druid.pool.DruidDataSource:2243 - {dataSource-1} closed
2023-12-05 23:26:06.256 INFO  [][] [main] c.z.s.SpringbootSocketApplication:55 - Starting SpringbootSocketApplication using Java 1.8.0_171 on MacBook-Pro with PID 31372 (/Users/swtywang/wydcode/awesome-springboot/springboot-socket/target/classes started by swtywang in /Users/swtywang/wydcode/awesome-springboot)
2023-12-05 23:26:06.259 INFO  [][] [main] c.z.s.SpringbootSocketApplication:663 - The following profiles are active: macdev
2023-12-05 23:26:07.513 WARN  [][] [main] o.m.s.m.ClassPathMapperScanner:44 - No MyBatis mapper was found in '[com.zeburan.springbootsocket]' package. Please check your configuration.
2023-12-05 23:26:08.741 INFO  [][] [main] c.a.d.s.b.a.DruidDataSourceAutoConfigure:55 - Init DruidDataSource
2023-12-05 23:26:08.844 INFO  [][] [main] r.y.c.ClickHouseDriver:42 - Driver registered
2023-12-05 23:26:08.984 INFO  [][] [main] c.a.druid.pool.DruidDataSource:1010 - {dataSource-1} inited
2023-12-05 23:26:09.311 INFO  [][] [main] c.z.s.SpringbootSocketApplication:61 - Started SpringbootSocketApplication in 3.788 seconds (JVM running for 4.991)
2023-12-05 23:28:17.732 INFO  [][] [SpringApplicationShutdownHook] c.a.druid.pool.DruidDataSource:2170 - {dataSource-1} closing ...
2023-12-05 23:28:17.733 INFO  [][] [SpringApplicationShutdownHook] c.a.druid.pool.DruidDataSource:2243 - {dataSource-1} closed
2023-12-05 23:28:23.011 INFO  [][] [main] c.z.s.SpringbootSocketApplication:55 - Starting SpringbootSocketApplication using Java 1.8.0_171 on MacBook-Pro with PID 31599 (/Users/swtywang/wydcode/awesome-springboot/springboot-socket/target/classes started by swtywang in /Users/swtywang/wydcode/awesome-springboot)
2023-12-05 23:28:23.014 INFO  [][] [main] c.z.s.SpringbootSocketApplication:663 - The following profiles are active: macdev
2023-12-05 23:28:24.219 WARN  [][] [main] o.m.s.m.ClassPathMapperScanner:44 - No MyBatis mapper was found in '[com.zeburan.springbootsocket]' package. Please check your configuration.
2023-12-05 23:28:25.028 INFO  [][] [main] c.a.d.s.b.a.DruidDataSourceAutoConfigure:55 - Init DruidDataSource
2023-12-05 23:28:25.098 INFO  [][] [main] r.y.c.ClickHouseDriver:42 - Driver registered
2023-12-05 23:28:25.164 INFO  [][] [main] c.a.druid.pool.DruidDataSource:1010 - {dataSource-1} inited
2023-12-05 23:28:25.424 INFO  [][] [main] c.z.s.SpringbootSocketApplication:61 - Started SpringbootSocketApplication in 2.855 seconds (JVM running for 3.741)
2023-12-05 23:28:33.075 INFO  [][] [http-nio-8081-exec-1] c.z.s.config.MyWebSocket:50 - ----------------
2023-12-05 23:28:33.076 INFO  [][] [http-nio-8081-exec-1] c.z.s.config.MyWebSocket:54 - 有新连接加入！当前在线人数为1
2023-12-05 23:28:38.736 INFO  [][] [http-nio-8081-exec-2] c.z.s.config.MyWebSocket:78 - 有一连接关闭！当前在线人数为0
2023-12-05 23:36:42.694 INFO  [][] [SpringApplicationShutdownHook] c.a.druid.pool.DruidDataSource:2170 - {dataSource-1} closing ...
2023-12-05 23:36:42.696 INFO  [][] [SpringApplicationShutdownHook] c.a.druid.pool.DruidDataSource:2243 - {dataSource-1} closed
